[VERIFY] pre-release verification started
[VERIFY] log=logs/pre-release-verify-20260220-034431.log
[VERIFY] smoke_run_id=gui-prod-hardening-gate-20260220-034431-smoke
[VERIFY] compare_run_id=gui-prod-hardening-gate-20260220-034431-compare
[VERIFY] >>> pytest
..............................ss........................................ [ 75%]
.......................                                                  [100%]
=============================== warnings summary ===============================
../Library/Python/3.9/lib/python/site-packages/urllib3/__init__.py:35
  /Users/ychoi/Library/Python/3.9/lib/python/site-packages/urllib3/__init__.py:35: NotOpenSSLWarning: urllib3 v2 only supports OpenSSL 1.1.1+, currently the 'ssl' module is compiled with 'LibreSSL 2.8.3'. See: https://github.com/urllib3/urllib3/issues/3020
    warnings.warn(

-- Docs: https://docs.pytest.org/en/stable/how-to/capture-warnings.html
93 passed, 2 skipped, 1 warning in 27.61s
[VERIFY][PASS] pytest
[VERIFY] >>> smoke_test
[SMOKE] run_id=gui-prod-hardening-gate-20260220-034431-smoke
[E2E] run_id=gui-prod-hardening-gate-20260220-034431-smoke
[E2E] step1/3 preprocessing
[E2E] step2/3 training runner
[E2E] step3/3 health check
[E2E][OK] completed
- metrics: artifacts/metrics/gui-prod-hardening-gate-20260220-034431-smoke.json
- report:  artifacts/reports/gui-prod-hardening-gate-20260220-034431-smoke.md
- best:    artifacts/checkpoints/gui-prod-hardening-gate-20260220-034431-smoke/best.keras
[SMOKE][OK] metrics schema validated
[SMOKE][OK] all checks passed
[SMOKE] validation report: artifacts/reports/gui-prod-hardening-gate-20260220-034431-smoke_smoke_validation.md
[VERIFY][PASS] smoke_test
[VERIFY] >>> run_compare
/Users/ychoi/Library/Python/3.9/lib/python/site-packages/urllib3/__init__.py:35: NotOpenSSLWarning: urllib3 v2 only supports OpenSSL 1.1.1+, currently the 'ssl' module is compiled with 'LibreSSL 2.8.3'. See: https://github.com/urllib3/urllib3/issues/3020
  warnings.warn(
2026-02-20 03:45:07.816116: E tensorflow/core/framework/node_def_util.cc:680] NodeDef mentions attribute use_unbounded_threadpool which is not in the op definition: Op<name=MapDataset; signature=input_dataset:variant, other_arguments: -> handle:variant; attr=f:func; attr=Targuments:list(type),min=0; attr=output_types:list(type),min=1; attr=output_shapes:list(shape),min=1; attr=use_inter_op_parallelism:bool,default=true; attr=preserve_cardinality:bool,default=false; attr=force_synchronous:bool,default=false; attr=metadata:string,default=""> This may be expected if your graph generating binary is newer  than this binary. Unknown attributes will be ignored. NodeDef: {{node ParallelMapDatasetV2/_15}}
{
  "run_id": "gui-prod-hardening-gate-20260220-034431-compare",
  "backend": "tensorflow",
  "config": {
    "sequence_length": 24,
    "horizon": 1,
    "hidden_units": [
      64,
      32
    ],
    "dropout": 0.2,
    "learning_rate": 0.001,
    "epochs": 1,
    "batch_size": 32,
    "test_size": 0.2,
    "val_size": 0.2,
    "normalize": true,
    "normalize_method": "minmax",
    "seed": 42
  },
  "models": {
    "lstm": {
      "metrics": {
        "mae": 0.18958353996276855,
        "mse": 0.048763666301965714,
        "rmse": 0.2208249717950821,
        "mape": 101.28604125976562,
        "mase": 4.957052230834961,
        "r2": 0.3152163624763489
      },
      "split_indices": {
        "n_total": 800,
        "train": {
          "start": 0,
          "end": 512
        },
        "val": {
          "start": 512,
          "end": 640
        },
        "test": {
          "start": 640,
          "end": 800
        },
        "ratios": {
          "test_size": 0.2,
          "val_size": 0.2
        }
      }
    },
    "gru": {
      "metrics": {
        "mae": 0.10106685012578964,
        "mse": 0.014722470194101334,
        "rmse": 0.1213361844420433,
        "mape": 51.82056427001953,
        "mase": 2.6426010131835938,
        "r2": 0.7932537198066711
      },
      "split_indices": {
        "n_total": 800,
        "train": {
          "start": 0,
          "end": 512
        },
        "val": {
          "start": 512,
          "end": 640
        },
        "test": {
          "start": 640,
          "end": 800
        },
        "ratios": {
          "test_size": 0.2,
          "val_size": 0.2
        }
      }
    }
  },
  "summary": {
    "winner_by_rmse": "gru",
    "rmse_gap": 0.09948878735303879
  },
  "saved_at": "2026-02-20T03:45:09.641328",
  "artifacts": {
    "metrics": "artifacts/comparisons/gui-prod-hardening-gate-20260220-034431-compare.json",
    "report": "artifacts/comparisons/gui-prod-hardening-gate-20260220-034431-compare.md"
  }
}
[OK] comparison artifacts: artifacts/comparisons/gui-prod-hardening-gate-20260220-034431-compare.json
[VERIFY][PASS] run_compare

[VERIFY] ===== SUMMARY =====
[VERIFY] PASS=3
[VERIFY] FAIL=0
[VERIFY] RECOMMENDATION=GO
[VERIFY] ===================
